<?xml version="1.0" encoding="UTF-8"?>
<testsuite name="com.amaap.unusualspends.service.TransactionServiceTest" tests="2" skipped="0" failures="0" errors="0" timestamp="2024-05-05T15:21:34" hostname="DESKTOP-GUO1275" time="0.446">
  <properties/>
  <testcase name="shouldBeAbleToAddTransactionToDatabase()" classname="com.amaap.unusualspends.service.TransactionServiceTest" time="0.43"/>
  <testcase name="shouldBeAbleToCreateTransactionToAddItToTheDatabase()" classname="com.amaap.unusualspends.service.TransactionServiceTest" time="0.012"/>
  <system-out><![CDATA[]]></system-out>
  <system-err><![CDATA[]]></system-err>
</testsuite>
