<?xml version="1.0" encoding="UTF-8"?>
<testsuite name="com.amaap.unusualspends.controller.UnusualSpendingAlertControllerTest" tests="2" skipped="0" failures="0" errors="0" timestamp="2024-05-08T08:10:19" hostname="DESKTOP-GUO1275" time="6.759">
  <properties/>
  <testcase name="shouldBeAbleToFindUnusualSpendFromGivenTransactionData()" classname="com.amaap.unusualspends.controller.UnusualSpendingAlertControllerTest" time="0.042"/>
  <testcase name="shouldBeAbleToSendEmailRegardingUnusualSpendInCurrentMonth()" classname="com.amaap.unusualspends.controller.UnusualSpendingAlertControllerTest" time="6.716"/>
  <system-out><![CDATA[]]></system-out>
  <system-err><![CDATA[]]></system-err>
</testsuite>
