<?xml version="1.0" encoding="UTF-8"?>
<testsuite name="com.amaap.unusualspends.controller.dto.ResponseTest" tests="3" skipped="0" failures="0" errors="0" timestamp="2024-05-08T08:10:26" hostname="DESKTOP-GUO1275" time="0.014">
  <properties/>
  <testcase name="shouldBeAbleTOTestEqualityAndUnEqualityForTwoInstancesOfResponse()" classname="com.amaap.unusualspends.controller.dto.ResponseTest" time="0.01"/>
  <testcase name="shouldBeAbleToReturnResponseMessage()" classname="com.amaap.unusualspends.controller.dto.ResponseTest" time="0.001"/>
  <testcase name="shouldBeAbleToReturnHashCode()" classname="com.amaap.unusualspends.controller.dto.ResponseTest" time="0.001"/>
  <system-out><![CDATA[]]></system-out>
  <system-err><![CDATA[]]></system-err>
</testsuite>
