<?xml version="1.0" encoding="UTF-8"?>
<testsuite name="com.amaap.unusualspends.service.CreditCardCompanyServiceTest" tests="1" skipped="0" failures="0" errors="0" timestamp="2024-05-06T05:29:19" hostname="DESKTOP-GUO1275" time="0.453">
  <properties/>
  <testcase name="shouldBeAbleToFindUnusualSpendFromGivenTransactionData()" classname="com.amaap.unusualspends.service.CreditCardCompanyServiceTest" time="0.453"/>
  <system-out><![CDATA[]]></system-out>
  <system-err><![CDATA[]]></system-err>
</testsuite>
