<?xml version="1.0" encoding="UTF-8"?>
<testsuite name="com.amaap.unusualspends.repository.db.FakeInMemoryDatabaseTest" tests="2" skipped="0" failures="0" errors="0" timestamp="2024-04-29T10:09:26" hostname="DESKTOP-GUO1275" time="0.053">
  <properties/>
  <testcase name="shouldThrowCustomerAlreadyExistsExceptionIfCustomerWithSameDetailsFoundInDatabase()" classname="com.amaap.unusualspends.repository.db.FakeInMemoryDatabaseTest" time="0.044"/>
  <testcase name="shouldBeAbleToAddCustomerIntoCustomerTable()" classname="com.amaap.unusualspends.repository.db.FakeInMemoryDatabaseTest" time="0.005"/>
  <system-out><![CDATA[]]></system-out>
  <system-err><![CDATA[]]></system-err>
</testsuite>
