<?xml version="1.0" encoding="UTF-8"?>
<testsuite name="com.amaap.unusualspends.service.TransactionServiceTest" tests="3" skipped="0" failures="0" errors="0" timestamp="2024-05-08T08:10:26" hostname="DESKTOP-GUO1275" time="0.017">
  <properties/>
  <testcase name="shouldBeAbleToAddTransactionToDatabase()" classname="com.amaap.unusualspends.service.TransactionServiceTest" time="0.004"/>
  <testcase name="shouldBeAbleToFilterTransactionByMonth()" classname="com.amaap.unusualspends.service.TransactionServiceTest" time="0.007"/>
  <testcase name="shouldBeAbleToCreateTransactionToAddItToTheDatabase()" classname="com.amaap.unusualspends.service.TransactionServiceTest" time="0.005"/>
  <system-out><![CDATA[]]></system-out>
  <system-err><![CDATA[]]></system-err>
</testsuite>
