<?xml version="1.0" encoding="UTF-8"?>
<testsuite name="com.amaap.unusualspends.domain.service.EmailAlertSenderTest" tests="4" skipped="0" failures="0" errors="0" timestamp="2024-05-08T08:10:26" hostname="DESKTOP-GUO1275" time="0.025">
  <properties/>
  <testcase name="shouldThrowInvalidEmailBodyExceptionIfEmailBodyIsEmpty()" classname="com.amaap.unusualspends.domain.service.EmailAlertSenderTest" time="0.007"/>
  <testcase name="shouldThrowInvalidEmailSubjectExceptionIfEmailSubjectIsNull()" classname="com.amaap.unusualspends.domain.service.EmailAlertSenderTest" time="0.006"/>
  <testcase name="shouldThrowInvalidEmailBodyExceptionIfEmailBodyIsNull()" classname="com.amaap.unusualspends.domain.service.EmailAlertSenderTest" time="0.005"/>
  <testcase name="shouldThrowInvalidEmailSubjectExceptionIfEmailSubjectIsEmpty()" classname="com.amaap.unusualspends.domain.service.EmailAlertSenderTest" time="0.004"/>
  <system-out><![CDATA[]]></system-out>
  <system-err><![CDATA[]]></system-err>
</testsuite>
