<?xml version="1.0" encoding="UTF-8"?>
<testsuite name="com.amaap.unusualspends.domain.model.entity.CreditCardTest" tests="9" skipped="0" failures="0" errors="0" timestamp="2024-05-08T08:10:26" hostname="DESKTOP-GUO1275" time="0.024">
  <properties/>
  <testcase name="shouldBeAbleToReturnFalseIfIdForTwoInstanceIsDifferent()" classname="com.amaap.unusualspends.domain.model.entity.CreditCardTest" time="0.001"/>
  <testcase name="shouldBeAbleToCreateCreditCardWithId()" classname="com.amaap.unusualspends.domain.model.entity.CreditCardTest" time="0.001"/>
  <testcase name="shouldBeAbleToReturnFalseIfCompareWithNull()" classname="com.amaap.unusualspends.domain.model.entity.CreditCardTest" time="0.002"/>
  <testcase name="shouldBeAbleToCheckEqualityOfHashCodeOfTheSameInstance()" classname="com.amaap.unusualspends.domain.model.entity.CreditCardTest" time="0.001"/>
  <testcase name="shouldBeAbleToReturnTrueIfCompareWithSameInstance()" classname="com.amaap.unusualspends.domain.model.entity.CreditCardTest" time="0.001"/>
  <testcase name="shouldThrowInvalidCreditCardIdExceptionIfCreditCardIdIsInvalid()" classname="com.amaap.unusualspends.domain.model.entity.CreditCardTest" time="0.005"/>
  <testcase name="shouldBeAbleToReturnTrueIfIdForTwoInstanceIsSame()" classname="com.amaap.unusualspends.domain.model.entity.CreditCardTest" time="0.001"/>
  <testcase name="shouldBeAbleToCheckEqualityIfTwoInstancesAreSame()" classname="com.amaap.unusualspends.domain.model.entity.CreditCardTest" time="0.001"/>
  <testcase name="shouldBeAbleToReturnFalseIfCompareWithDifferentClass()" classname="com.amaap.unusualspends.domain.model.entity.CreditCardTest" time="0.002"/>
  <system-out><![CDATA[]]></system-out>
  <system-err><![CDATA[]]></system-err>
</testsuite>
