<?xml version="1.0" encoding="UTF-8"?>
<testsuite name="com.amaap.unusualspends.controller.CustomerControllerTest" tests="3" skipped="0" failures="0" errors="0" timestamp="2024-05-08T08:10:19" hostname="DESKTOP-GUO1275" time="0.039">
  <properties/>
  <testcase name="shouldBeAbleToReturnResponseAsOKIfCreatesCustomerSuccessfully()" classname="com.amaap.unusualspends.controller.CustomerControllerTest" time="0.017"/>
  <testcase name="shouldBeAbleToFindCustomerById()" classname="com.amaap.unusualspends.controller.CustomerControllerTest" time="0.009"/>
  <testcase name="shouldBeAbleToReturnResponseAsBadRequestIfCustomerDataIsInvalid()" classname="com.amaap.unusualspends.controller.CustomerControllerTest" time="0.009"/>
  <system-out><![CDATA[]]></system-out>
  <system-err><![CDATA[]]></system-err>
</testsuite>
