<?xml version="1.0" encoding="UTF-8"?>
<testsuite name="com.amaap.unusualspends.repository.db.impl.InMemoryCreditCardRepositoryTest" tests="1" skipped="0" failures="0" errors="0" timestamp="2024-05-01T08:14:14" hostname="DESKTOP-GUO1275" time="0.037">
  <properties/>
  <testcase name="shouldBeAbleToAddCreditCardIntoTheDatabase()" classname="com.amaap.unusualspends.repository.db.impl.InMemoryCreditCardRepositoryTest" time="0.037"/>
  <system-out><![CDATA[1
]]></system-out>
  <system-err><![CDATA[]]></system-err>
</testsuite>
