<?xml version="1.0" encoding="UTF-8"?>
<testsuite name="com.amaap.unusualspends.domain.model.entity.validator.CustomerNameValidatorTest" tests="3" skipped="0" failures="0" errors="0" timestamp="2024-05-08T08:10:26" hostname="DESKTOP-GUO1275" time="0.006">
  <properties/>
  <testcase name="shouldBeAbleToCreateInstanceOfCustomerNameValidator()" classname="com.amaap.unusualspends.domain.model.entity.validator.CustomerNameValidatorTest" time="0.001"/>
  <testcase name="shouldAbleToReturnFalseIfCustomerNamePassesIsInValid()" classname="com.amaap.unusualspends.domain.model.entity.validator.CustomerNameValidatorTest" time="0.002"/>
  <testcase name="shouldAbleToReturnTrueIfCustomerNamePassedIsValid()" classname="com.amaap.unusualspends.domain.model.entity.validator.CustomerNameValidatorTest" time="0.001"/>
  <system-out><![CDATA[]]></system-out>
  <system-err><![CDATA[]]></system-err>
</testsuite>
