<?xml version="1.0" encoding="UTF-8"?>
<testsuite name="com.amaap.unusualspends.service.CreditCardServiceTest" tests="1" skipped="0" failures="0" errors="0" timestamp="2024-05-01T08:48:20" hostname="DESKTOP-GUO1275" time="0.033">
  <properties/>
  <testcase name="shouldBeAbleToAddCreditCardToDatabase()" classname="com.amaap.unusualspends.service.CreditCardServiceTest" time="0.033"/>
  <system-out><![CDATA[]]></system-out>
  <system-err><![CDATA[]]></system-err>
</testsuite>
