<?xml version="1.0" encoding="UTF-8"?>
<testsuite name="com.amaap.unusualspends.repository.db.impl.FakeInMemoryDatabaseTest" tests="9" skipped="0" failures="0" errors="0" timestamp="2024-05-05T14:59:28" hostname="DESKTOP-GUO1275" time="0.375">
  <properties/>
  <testcase name="shouldThrowCustomerAlreadyExistsExceptionIfCustomerWithSameDetailsFoundInDatabase()" classname="com.amaap.unusualspends.repository.db.impl.FakeInMemoryDatabaseTest" time="0.281"/>
  <testcase name="shouldBeAbleToAddCreditCardIntoDatabase()" classname="com.amaap.unusualspends.repository.db.impl.FakeInMemoryDatabaseTest" time="0.025"/>
  <testcase name="shouldBeAbleToFindCustomerById()" classname="com.amaap.unusualspends.repository.db.impl.FakeInMemoryDatabaseTest" time="0.009"/>
  <testcase name="shouldBeAbleToGetCreditCardById()" classname="com.amaap.unusualspends.repository.db.impl.FakeInMemoryDatabaseTest" time="0.008"/>
  <testcase name="shouldBeAbleToReturnNullIfCustomerWithGivenIdIsNotPresent()" classname="com.amaap.unusualspends.repository.db.impl.FakeInMemoryDatabaseTest" time="0.007"/>
  <testcase name="shouldBeAbleToReturnNullIfCreditCardForGivenIdIsNotPresent()" classname="com.amaap.unusualspends.repository.db.impl.FakeInMemoryDatabaseTest" time="0.007"/>
  <testcase name="shouldBeAbleToAddCustomerIntoCustomerTable()" classname="com.amaap.unusualspends.repository.db.impl.FakeInMemoryDatabaseTest" time="0.004"/>
  <testcase name="shouldBeAbleToGetTransactionById()" classname="com.amaap.unusualspends.repository.db.impl.FakeInMemoryDatabaseTest" time="0.01"/>
  <testcase name="shouldBeAbleToAddTransactionDetailsToTheDatabase()" classname="com.amaap.unusualspends.repository.db.impl.FakeInMemoryDatabaseTest" time="0.008"/>
  <system-out><![CDATA[ID = 1
ID = 1
]]></system-out>
  <system-err><![CDATA[]]></system-err>
</testsuite>
