<?xml version="1.0" encoding="UTF-8"?>
<testsuite name="com.amaap.unusualspends.controller.TransactionControllerTest" tests="1" skipped="0" failures="0" errors="0" timestamp="2024-05-01T18:07:45" hostname="DESKTOP-GUO1275" time="0.018">
  <properties/>
  <testcase name="shouldBeAbleToReturnResponseAsOKIfCreatesTransactionSuccessfully()" classname="com.amaap.unusualspends.controller.TransactionControllerTest" time="0.018"/>
  <system-out><![CDATA[]]></system-out>
  <system-err><![CDATA[]]></system-err>
</testsuite>
