<?xml version="1.0" encoding="UTF-8"?>
<testsuite name="com.amaap.unusualspends.repository.db.impl.FakeInMemoryDatabaseTest" tests="4" skipped="0" failures="0" errors="0" timestamp="2024-05-01T17:16:44" hostname="DESKTOP-GUO1275" time="0.038">
  <properties/>
  <testcase name="shouldThrowCustomerAlreadyExistsExceptionIfCustomerWithSameDetailsFoundInDatabase()" classname="com.amaap.unusualspends.repository.db.impl.FakeInMemoryDatabaseTest" time="0.021"/>
  <testcase name="shouldBeAbleToAddCreditCardIntoDatabase()" classname="com.amaap.unusualspends.repository.db.impl.FakeInMemoryDatabaseTest" time="0.004"/>
  <testcase name="shouldBeAbleToAddCustomerIntoCustomerTable()" classname="com.amaap.unusualspends.repository.db.impl.FakeInMemoryDatabaseTest" time="0.003"/>
  <testcase name="shouldBeAbleToAddTransactionDetailsToTheDatabase()" classname="com.amaap.unusualspends.repository.db.impl.FakeInMemoryDatabaseTest" time="0.005"/>
  <system-out><![CDATA[]]></system-out>
  <system-err><![CDATA[]]></system-err>
</testsuite>
