<?xml version="1.0" encoding="UTF-8"?>
<testsuite name="com.amaap.unusualspends.controller.TransactionControllerTest" tests="2" skipped="0" failures="0" errors="0" timestamp="2024-05-05T15:47:28" hostname="DESKTOP-GUO1275" time="0.503">
  <properties/>
  <testcase name="shouldBeAbleToAddTransactionToDatabase()" classname="com.amaap.unusualspends.controller.TransactionControllerTest" time="0.488"/>
  <testcase name="shouldBeAbleToReturnResponseAsOKIfCreatesTransactionSuccessfully()" classname="com.amaap.unusualspends.controller.TransactionControllerTest" time="0.011"/>
  <system-out><![CDATA[]]></system-out>
  <system-err><![CDATA[]]></system-err>
</testsuite>
