<?xml version="1.0" encoding="UTF-8"?>
<testsuite name="com.amaap.unusualspends.controller.CreditCardCompanyControllerTest" tests="2" skipped="0" failures="0" errors="0" timestamp="2024-05-06T10:30:49" hostname="DESKTOP-GUO1275" time="6.057">
  <properties/>
  <testcase name="shouldBeAbleToFindUnusualSpendFromGivenTransactionData()" classname="com.amaap.unusualspends.controller.CreditCardCompanyControllerTest" time="0.541"/>
  <testcase name="shouldBeAbleToSendEmailRegardingUnusualSpendInCurrentMonth()" classname="com.amaap.unusualspends.controller.CreditCardCompanyControllerTest" time="5.513"/>
  <system-out><![CDATA[in customer service
customer repo
card id = 1
Total Unusual spending of 700.0 detected!
Your usual spending of last month was 300.0 
 hello Pratiksha Danake!
 We have detected unusually high spending on your card in these categories:
  * You spent 400.0 on GROCERIES
 * You spent 600.0 on TRAVEL
Thanks,

The Credit Card Company

]]></system-out>
  <system-err><![CDATA[]]></system-err>
</testsuite>
