<?xml version="1.0" encoding="UTF-8"?>
<testsuite name="com.amaap.unusualspends.repository.db.impl.FakeInMemoryDatabaseTest" tests="5" skipped="0" failures="0" errors="0" timestamp="2024-05-02T01:28:04" hostname="DESKTOP-GUO1275" time="0.051">
  <properties/>
  <testcase name="shouldThrowCustomerAlreadyExistsExceptionIfCustomerWithSameDetailsFoundInDatabase()" classname="com.amaap.unusualspends.repository.db.impl.FakeInMemoryDatabaseTest" time="0.023"/>
  <testcase name="shouldBeAbleToAddCreditCardIntoDatabase()" classname="com.amaap.unusualspends.repository.db.impl.FakeInMemoryDatabaseTest" time="0.007"/>
  <testcase name="shouldBeAbleToFindCustomerById()" classname="com.amaap.unusualspends.repository.db.impl.FakeInMemoryDatabaseTest" time="0.005"/>
  <testcase name="shouldBeAbleToAddCustomerIntoCustomerTable()" classname="com.amaap.unusualspends.repository.db.impl.FakeInMemoryDatabaseTest" time="0.001"/>
  <testcase name="shouldBeAbleToAddTransactionDetailsToTheDatabase()" classname="com.amaap.unusualspends.repository.db.impl.FakeInMemoryDatabaseTest" time="0.005"/>
  <system-out><![CDATA[]]></system-out>
  <system-err><![CDATA[]]></system-err>
</testsuite>
