<?xml version="1.0" encoding="UTF-8"?>
<testsuite name="com.amaap.unusualspends.service.CreditCardServiceTest" tests="2" skipped="0" failures="0" errors="0" timestamp="2024-05-05T14:35:05" hostname="DESKTOP-GUO1275" time="0.032">
  <properties/>
  <testcase name="shouldBeAbleToAddCreditCardToDatabase()" classname="com.amaap.unusualspends.service.CreditCardServiceTest" time="0.028"/>
  <testcase name="shouldBeAbleToGetCreditCardById()" classname="com.amaap.unusualspends.service.CreditCardServiceTest" time="0.002"/>
  <system-out><![CDATA[ID = 1
ID = 1
ID = 2
]]></system-out>
  <system-err><![CDATA[]]></system-err>
</testsuite>
