<?xml version="1.0" encoding="UTF-8"?>
<testsuite name="com.amaap.unusualspends.domain.model.entity.TransactionTest" tests="1" skipped="0" failures="0" errors="0" timestamp="2024-05-01T15:28:15" hostname="DESKTOP-GUO1275" time="0.082">
  <properties/>
  <testcase name="shouldBeAbleToCreateTransactionWithDetails()" classname="com.amaap.unusualspends.domain.model.entity.TransactionTest" time="0.082"/>
  <system-out><![CDATA[]]></system-out>
  <system-err><![CDATA[]]></system-err>
</testsuite>
