<?xml version="1.0" encoding="UTF-8"?>
<testsuite name="com.amaap.unusualspends.domain.model.entity.validator.TransactionValidatorTest" tests="1" skipped="0" failures="0" errors="0" timestamp="2024-05-01T16:11:14" hostname="DESKTOP-GUO1275" time="0.036">
  <properties/>
  <testcase name="shouldBeAbleToReturnFalseIfCategoryIsInvalid()" classname="com.amaap.unusualspends.domain.model.entity.validator.TransactionValidatorTest" time="0.036"/>
  <system-out><![CDATA[]]></system-out>
  <system-err><![CDATA[]]></system-err>
</testsuite>
