<?xml version="1.0" encoding="UTF-8"?>
<testsuite name="com.amaap.unusualspends.domain.service.validator.EmailSubjectValidatorTest" tests="2" skipped="0" failures="0" errors="0" timestamp="2024-05-08T08:10:26" hostname="DESKTOP-GUO1275" time="0.002">
  <properties/>
  <testcase name="shouldBeAbleToCreateInstanceOfEmailSubjectValidator()" classname="com.amaap.unusualspends.domain.service.validator.EmailSubjectValidatorTest" time="0.0"/>
  <testcase name="shouldBeAbleToReturnTrueIfEmailSubjectIsValid()" classname="com.amaap.unusualspends.domain.service.validator.EmailSubjectValidatorTest" time="0.001"/>
  <system-out><![CDATA[]]></system-out>
  <system-err><![CDATA[]]></system-err>
</testsuite>
