<?xml version="1.0" encoding="UTF-8"?>
<testsuite name="com.amaap.unusualspends.repository.impl.InMemoryCustomerRepositoryTest" tests="2" skipped="0" failures="0" errors="0" timestamp="2024-05-02T01:54:15" hostname="DESKTOP-GUO1275" time="0.028">
  <properties/>
  <testcase name="shouldBeAbleToFindCustomerById()" classname="com.amaap.unusualspends.repository.impl.InMemoryCustomerRepositoryTest" time="0.023"/>
  <testcase name="shouldBeAbleToAddCustomerToDatabase()" classname="com.amaap.unusualspends.repository.impl.InMemoryCustomerRepositoryTest" time="0.002"/>
  <system-out><![CDATA[]]></system-out>
  <system-err><![CDATA[]]></system-err>
</testsuite>
