<?xml version="1.0" encoding="UTF-8"?>
<testsuite name="com.amaap.unusualspends.controller.CustomerControllerTest" tests="1" skipped="0" failures="0" errors="0" timestamp="2024-05-01T12:27:03" hostname="DESKTOP-GUO1275" time="0.02">
  <properties/>
  <testcase name="shouldBeAbleToReturnResponseAsOKIfCreatesCustomerSuccessfully()" classname="com.amaap.unusualspends.controller.CustomerControllerTest" time="0.02"/>
  <system-out><![CDATA[]]></system-out>
  <system-err><![CDATA[]]></system-err>
</testsuite>
