<?xml version="1.0" encoding="UTF-8"?>
<testsuite name="com.amaap.unusualspends.controller.TransactionControllerTest" tests="2" skipped="0" failures="0" errors="0" timestamp="2024-05-05T17:31:54" hostname="DESKTOP-GUO1275" time="0.435">
  <properties/>
  <testcase name="shouldBeAbleToAddTransactionToDatabase()" classname="com.amaap.unusualspends.controller.TransactionControllerTest" time="0.421"/>
  <testcase name="shouldBeAbleToReturnResponseAsOKIfCreatesTransactionSuccessfully()" classname="com.amaap.unusualspends.controller.TransactionControllerTest" time="0.009"/>
  <system-out><![CDATA[]]></system-out>
  <system-err><![CDATA[]]></system-err>
</testsuite>
