<?xml version="1.0" encoding="UTF-8"?>
<testsuite name="com.amaap.unusualspends.service.UnusualSpendingAlertServiceTest" tests="2" skipped="0" failures="0" errors="0" timestamp="2024-05-08T08:10:26" hostname="DESKTOP-GUO1275" time="5.474">
  <properties/>
  <testcase name="shouldBeAbleToFindUnusualSpendFromGivenTransactionData()" classname="com.amaap.unusualspends.service.UnusualSpendingAlertServiceTest" time="0.01"/>
  <testcase name="shouldBeAbleToSendEmailRegardingUnusualSpendInCurrentMonth()" classname="com.amaap.unusualspends.service.UnusualSpendingAlertServiceTest" time="5.463"/>
  <system-out><![CDATA[]]></system-out>
  <system-err><![CDATA[]]></system-err>
</testsuite>
