<?xml version="1.0" encoding="UTF-8"?>
<testsuite name="com.amaap.unusualspends.service.TransactionServiceTest" tests="1" skipped="0" failures="0" errors="0" timestamp="2024-05-01T17:55:03" hostname="DESKTOP-GUO1275" time="0.017">
  <properties/>
  <testcase name="shouldBeAbleToCreateTransactionToAddItToTheDatabase()" classname="com.amaap.unusualspends.service.TransactionServiceTest" time="0.017"/>
  <system-out><![CDATA[]]></system-out>
  <system-err><![CDATA[]]></system-err>
</testsuite>
