<?xml version="1.0" encoding="UTF-8"?>
<testsuite name="com.amaap.unusualspends.service.CreditCardServiceTest" tests="2" skipped="0" failures="0" errors="0" timestamp="2024-05-08T08:10:26" hostname="DESKTOP-GUO1275" time="0.007">
  <properties/>
  <testcase name="shouldBeAbleToAddCreditCardToDatabase()" classname="com.amaap.unusualspends.service.CreditCardServiceTest" time="0.003"/>
  <testcase name="shouldBeAbleToGetCreditCardById()" classname="com.amaap.unusualspends.service.CreditCardServiceTest" time="0.003"/>
  <system-out><![CDATA[]]></system-out>
  <system-err><![CDATA[]]></system-err>
</testsuite>
