<?xml version="1.0" encoding="UTF-8"?>
<testsuite name="com.amaap.unusualspends.domain.service.SpendAnalyzerTest" tests="1" skipped="0" failures="0" errors="0" timestamp="2024-05-06T05:00:23" hostname="DESKTOP-GUO1275" time="0.472">
  <properties/>
  <testcase name="shouldBeAbleToFindUnusualSpendFromTransactionsData()" classname="com.amaap.unusualspends.domain.service.SpendAnalyzerTest" time="0.472"/>
  <system-out><![CDATA[Credit Card = 1  Category = GROCERIES  UsualAmount = 300.0  UnusualAmount = 100.0
Credit Card = 1  Category = TRAVEL  UsualAmount = 400.0  UnusualAmount = 200.0
]]></system-out>
  <system-err><![CDATA[]]></system-err>
</testsuite>
