<?xml version="1.0" encoding="UTF-8"?>
<testsuite name="com.amaap.unusualspends.service.CustomerServiceTest" tests="1" skipped="0" failures="0" errors="0" timestamp="2024-05-01T12:09:08" hostname="DESKTOP-GUO1275" time="0.021">
  <properties/>
  <testcase name="shouldBeAbleToCreateCustomerToAddItToDatabase()" classname="com.amaap.unusualspends.service.CustomerServiceTest" time="0.021"/>
  <system-out><![CDATA[]]></system-out>
  <system-err><![CDATA[]]></system-err>
</testsuite>
