<?xml version="1.0" encoding="UTF-8"?>
<testsuite name="com.amaap.unusualspends.domain.model.entity.validator.CustomerNameValidatorTest" tests="3" skipped="0" failures="0" errors="0" timestamp="2024-04-29T07:32:49" hostname="DESKTOP-GUO1275" time="0.091">
  <properties/>
  <testcase name="shouldBeAbleToCreateInstanceOfCustomerNameValidator()" classname="com.amaap.unusualspends.domain.model.entity.validator.CustomerNameValidatorTest" time="0.041"/>
  <testcase name="shouldAbleToReturnFalseIfCustomerNamePassesIsInValid()" classname="com.amaap.unusualspends.domain.model.entity.validator.CustomerNameValidatorTest" time="0.003"/>
  <testcase name="shouldAbleToReturnTrueIfCustomerNamePassedIsValid()" classname="com.amaap.unusualspends.domain.model.entity.validator.CustomerNameValidatorTest" time="0.009"/>
  <system-out><![CDATA[]]></system-out>
  <system-err><![CDATA[]]></system-err>
</testsuite>
